
> itto@0.1.0 start
> react-scripts start

(node:9606) [DEP_WEBPACK_DEV_SERVER_ON_AFTER_SETUP_MIDDLEWARE] DeprecationWarning: 'onAfterSetupMiddleware' option is deprecated. Please use the 'setupMiddlewares' option.
(Use `node --trace-deprecation ...` to show where the warning was created)
(node:9606) [DEP_WEBPACK_DEV_SERVER_ON_BEFORE_SETUP_MIDDLEWARE] DeprecationWarning: 'onBeforeSetupMiddleware' option is deprecated. Please use the 'setupMiddlewares' option.
Starting the development server...

Compiled successfully!

You can now view itto in the browser.

  Local:            http://localhost:3000
  On Your Network:  http://172.28.0.2:3000

Note that the development build is not optimized.
To create a production build, use npm run build.

webpack compiled successfully
No issues found.
Compiling...
Compiled successfully!
webpack compiled successfully
No issues found.
Compiling...
Compiled with warnings.

[eslint] 
src/hooks/useTasks.ts
  Line 3:20:  'isSupabaseConfigured' is defined but never used  @typescript-eslint/no-unused-vars

Search for the keywords to learn more about each warning.
To ignore, add // eslint-disable-next-line to the line before.

WARNING in [eslint] 
src/hooks/useTasks.ts
  Line 3:20:  'isSupabaseConfigured' is defined but never used  @typescript-eslint/no-unused-vars

webpack compiled with 1 warning
No issues found.
Compiling...
Compiled with warnings.

[eslint] 
src/hooks/useTasks.ts
  Line 43:10:  'isOfflineMode' is assigned a value but never used  @typescript-eslint/no-unused-vars

Search for the keywords to learn more about each warning.
To ignore, add // eslint-disable-next-line to the line before.

WARNING in [eslint] 
src/hooks/useTasks.ts
  Line 43:10:  'isOfflineMode' is assigned a value but never used  @typescript-eslint/no-unused-vars

webpack compiled with 1 warning
No issues found.
Compiling...
Compiled with warnings.

[eslint] 
src/hooks/useTasks.ts
  Line 43:10:  'isOfflineMode' is assigned a value but never used  @typescript-eslint/no-unused-vars

Search for the keywords to learn more about each warning.
To ignore, add // eslint-disable-next-line to the line before.

WARNING in [eslint] 
src/hooks/useTasks.ts
  Line 43:10:  'isOfflineMode' is assigned a value but never used  @typescript-eslint/no-unused-vars

webpack compiled with 1 warning
No issues found.
Compiling...
Compiled with warnings.

[eslint] 
src/hooks/useTasks.ts
  Line 43:10:  'isOfflineMode' is assigned a value but never used  @typescript-eslint/no-unused-vars

Search for the keywords to learn more about each warning.
To ignore, add // eslint-disable-next-line to the line before.

WARNING in [eslint] 
src/hooks/useTasks.ts
  Line 43:10:  'isOfflineMode' is assigned a value but never used  @typescript-eslint/no-unused-vars

webpack compiled with 1 warning
No issues found.
Compiling...
Compiled with warnings.

[eslint] 
src/hooks/useTasks.ts
  Line 43:10:  'isOfflineMode' is assigned a value but never used  @typescript-eslint/no-unused-vars

Search for the keywords to learn more about each warning.
To ignore, add // eslint-disable-next-line to the line before.

WARNING in [eslint] 
src/hooks/useTasks.ts
  Line 43:10:  'isOfflineMode' is assigned a value but never used  @typescript-eslint/no-unused-vars

webpack compiled with 1 warning
No issues found.
Compiling...
Compiled with warnings.

[eslint] 
src/hooks/useTasks.ts
  Line 43:10:  'isOfflineMode' is assigned a value but never used  @typescript-eslint/no-unused-vars

Search for the keywords to learn more about each warning.
To ignore, add // eslint-disable-next-line to the line before.

WARNING in [eslint] 
src/hooks/useTasks.ts
  Line 43:10:  'isOfflineMode' is assigned a value but never used  @typescript-eslint/no-unused-vars

webpack compiled with 1 warning
No issues found.
Compiling...
Compiled with warnings.

[eslint] 
src/hooks/useTasks.ts
  Line 43:10:  'isOfflineMode' is assigned a value but never used  @typescript-eslint/no-unused-vars

Search for the keywords to learn more about each warning.
To ignore, add // eslint-disable-next-line to the line before.

WARNING in [eslint] 
src/hooks/useTasks.ts
  Line 43:10:  'isOfflineMode' is assigned a value but never used  @typescript-eslint/no-unused-vars

webpack compiled with 1 warning
No issues found.
Compiling...
Compiled successfully!
webpack compiled successfully
No issues found.
Compiling...
Compiled with warnings.

[eslint] 
src/components/KanbanBoard.tsx
  Line 88:34:  'isOfflineMode' is assigned a value but never used  @typescript-eslint/no-unused-vars

Search for the keywords to learn more about each warning.
To ignore, add // eslint-disable-next-line to the line before.

WARNING in [eslint] 
src/components/KanbanBoard.tsx
  Line 88:34:  'isOfflineMode' is assigned a value but never used  @typescript-eslint/no-unused-vars

webpack compiled with 1 warning
No issues found.
Compiling...
Compiled successfully!
webpack compiled successfully
No issues found.
Compiling...
Compiled successfully!
webpack compiled successfully
ERROR in src/components/TaskForm.tsx:81:17
TS2345: Argument of type '(prev: Record<string, string>) => { [x: string]: string | undefined; }' is not assignable to parameter of type 'SetStateAction<Record<string, string>>'.
  Type '(prev: Record<string, string>) => { [x: string]: string | undefined; }' is not assignable to type '(prevState: Record<string, string>) => Record<string, string>'.
    Type '{ [x: string]: string | undefined; }' is not assignable to type 'Record<string, string>'.
      'string' index signatures are incompatible.
        Type 'string | undefined' is not assignable to type 'string'.
          Type 'undefined' is not assignable to type 'string'.
    79 |     // エラーをクリア
    80 |     if (errors[field]) {
  > 81 |       setErrors(prev => ({
       |                 ^^^^^^^^^^
  > 82 |         ...prev,
       | ^^^^^^^^^^^^^^^^
  > 83 |         [field]: undefined
       | ^^^^^^^^^^^^^^^^
  > 84 |       }));
       | ^^^^^^^^^
    85 |     }
    86 |   };
    87 |

Compiling...
Compiled successfully!
webpack compiled successfully
No issues found.
Compiling...
Compiled successfully!
webpack compiled successfully
No issues found.
Compiling...
Compiled with warnings.

[eslint] 
src/components/TaskForm.tsx
  Line 1:27:  'useEffect' is defined but never used  @typescript-eslint/no-unused-vars

Search for the keywords to learn more about each warning.
To ignore, add // eslint-disable-next-line to the line before.

WARNING in [eslint] 
src/components/TaskForm.tsx
  Line 1:27:  'useEffect' is defined but never used  @typescript-eslint/no-unused-vars

webpack compiled with 1 warning
No issues found.
Compiling...
Compiled successfully!
webpack compiled successfully
No issues found.
Compiling...
Compiled successfully!
webpack compiled successfully
No issues found.
Compiling...
Compiled successfully!
webpack compiled successfully
No issues found.
